0 info it worked if it ends with ok
1 verbose cli [ '/usr/bin/node', '/usr/bin/npm', 'install', '-g', 'n' ]
2 info using npm@3.5.2
3 info using node@v8.10.0
4 silly loadCurrentTree Starting
5 silly install loadCurrentTree
6 silly install readGlobalPackageData
7 silly fetchPackageMetaData n
8 silly fetchNamedPackageData n
9 silly mapToRegistry name n
10 silly mapToRegistry using default registry
11 silly mapToRegistry registry https://registry.npmjs.org/
12 silly mapToRegistry uri https://registry.npmjs.org/n
13 verbose request uri https://registry.npmjs.org/n
14 verbose request no auth needed
15 info attempt registry request try #1 at 10:21:50 AM
16 verbose request id 1000f051c29f0e04
17 http request GET https://registry.npmjs.org/n
18 http 200 https://registry.npmjs.org/n
19 verbose headers { date: 'Mon, 12 Sep 2022 04:21:51 GMT',
19 verbose headers   'content-type': 'application/json',
19 verbose headers   'transfer-encoding': 'chunked',
19 verbose headers   connection: 'keep-alive',
19 verbose headers   'cf-ray': '7495dbcd8bde78c3-CGP',
19 verbose headers   'access-control-allow-origin': '*',
19 verbose headers   'cache-control': 'public, max-age=300',
19 verbose headers   etag: 'W/"b61ecb72e1327a0ab2749e9ec1925ea3"',
19 verbose headers   'last-modified': 'Sat, 16 Jul 2022 04:10:58 GMT',
19 verbose headers   vary: 'accept-encoding, accept',
19 verbose headers   'cf-cache-status': 'REVALIDATED',
19 verbose headers   'x-amz-replication-status': 'COMPLETED',
19 verbose headers   server: 'cloudflare',
19 verbose headers   'content-encoding': 'gzip' }
20 silly get cb [ 200,
20 silly get   { date: 'Mon, 12 Sep 2022 04:21:51 GMT',
20 silly get     'content-type': 'application/json',
20 silly get     'transfer-encoding': 'chunked',
20 silly get     connection: 'keep-alive',
20 silly get     'cf-ray': '7495dbcd8bde78c3-CGP',
20 silly get     'access-control-allow-origin': '*',
20 silly get     'cache-control': 'public, max-age=300',
20 silly get     etag: 'W/"b61ecb72e1327a0ab2749e9ec1925ea3"',
20 silly get     'last-modified': 'Sat, 16 Jul 2022 04:10:58 GMT',
20 silly get     vary: 'accept-encoding, accept',
20 silly get     'cf-cache-status': 'REVALIDATED',
20 silly get     'x-amz-replication-status': 'COMPLETED',
20 silly get     server: 'cloudflare',
20 silly get     'content-encoding': 'gzip' } ]
21 verbose get saving n to /home/toor/.npm/registry.npmjs.org/n/.cache.json
22 silly install normalizeTree
23 silly loadCurrentTree Finishing
24 silly loadIdealTree Starting
25 silly install loadIdealTree
26 silly cloneCurrentTree Starting
27 silly install cloneCurrentTreeToIdealTree
28 silly cloneCurrentTree Finishing
29 silly loadShrinkwrap Starting
30 silly install loadShrinkwrap
31 silly loadShrinkwrap Finishing
32 silly loadAllDepsIntoIdealTree Starting
33 silly install loadAllDepsIntoIdealTree
34 silly resolveWithNewModule n@9.0.0 checking installable status
35 silly cache add args [ 'n', null ]
36 verbose cache add spec n
37 silly cache add parsed spec Result {
37 silly cache add   raw: 'n',
37 silly cache add   scope: null,
37 silly cache add   name: 'n',
37 silly cache add   rawSpec: '',
37 silly cache add   spec: 'latest',
37 silly cache add   type: 'tag' }
38 silly addNamed n@latest
39 verbose addNamed "latest" is being treated as a dist-tag for n
40 info addNameTag [ 'n', 'latest' ]
41 silly mapToRegistry name n
42 silly mapToRegistry using default registry
43 silly mapToRegistry registry https://registry.npmjs.org/
44 silly mapToRegistry uri https://registry.npmjs.org/n
45 verbose addNameTag registry:https://registry.npmjs.org/n not in flight; fetching
46 verbose get https://registry.npmjs.org/n not expired, no request
47 silly addNameTag next cb for n with tag latest
48 silly addNamed n@9.0.0
49 verbose addNamed "9.0.0" is a plain semver version for n
50 silly mapToRegistry name n
51 silly mapToRegistry using default registry
52 silly mapToRegistry registry https://registry.npmjs.org/
53 silly mapToRegistry uri https://registry.npmjs.org/n
54 verbose addRemoteTarball https://registry.npmjs.org/n/-/n-9.0.0.tgz not in flight; adding
55 verbose addRemoteTarball [ 'https://registry.npmjs.org/n/-/n-9.0.0.tgz',
55 verbose addRemoteTarball   '0f57f3567d4e6721cbd62eec7972875fa69dfe84' ]
56 info retry fetch attempt 1 at 10:21:51 AM
57 info attempt registry request try #1 at 10:21:51 AM
58 http fetch GET https://registry.npmjs.org/n/-/n-9.0.0.tgz
59 http fetch 200 https://registry.npmjs.org/n/-/n-9.0.0.tgz
60 silly fetchAndShaCheck shasum 0f57f3567d4e6721cbd62eec7972875fa69dfe84
61 verbose addTmpTarball /tmp/npm-6392-2ff79e72/registry.npmjs.org/n/-/n-9.0.0.tgz not in flight; adding
62 verbose addTmpTarball already have metadata; skipping unpack for n@9.0.0
63 silly cache afterAdd n@9.0.0
64 verbose afterAdd /home/toor/.npm/n/9.0.0/package/package.json not in flight; writing
65 verbose afterAdd /home/toor/.npm/n/9.0.0/package/package.json written
66 silly loadAllDepsIntoIdealTree Finishing
67 silly idealTree:prePrune lib
67 silly idealTree:prePrune └── n@9.0.0
68 silly loadIdealTree Finishing
69 silly currentTree lib
69 silly currentTree └── n@8.0.2
70 silly idealTree lib
70 silly idealTree └── n@9.0.0
71 silly generateActionsToTake Starting
72 silly install generateActionsToTake
73 warn checkPermissions Missing write access to /usr/local/lib/node_modules/n
74 warn checkPermissions Missing write access to /usr/local/lib/node_modules
75 silly rollbackFailedOptional Starting
76 silly rollbackFailedOptional Finishing
77 silly runTopLevelLifecycles Starting
78 silly runTopLevelLifecycles Finishing
79 silly install printInstalled
80 verbose stack Error: EACCES: permission denied, access '/usr/local/lib/node_modules/n'
81 verbose cwd /home/toor/Code/e-test
82 error Linux 5.4.0-125-generic
83 error argv "/usr/bin/node" "/usr/bin/npm" "install" "-g" "n"
84 error node v8.10.0
85 error npm  v3.5.2
86 error path /usr/local/lib/node_modules/n
87 error code EACCES
88 error errno -13
89 error syscall access
90 error Error: EACCES: permission denied, access '/usr/local/lib/node_modules/n'
90 error  { Error: EACCES: permission denied, access '/usr/local/lib/node_modules/n'
90 error   errno: -13,
90 error   code: 'EACCES',
90 error   syscall: 'access',
90 error   path: '/usr/local/lib/node_modules/n' }
91 error Please try running this command again as root/Administrator.
92 verbose exit [ -13, true ]
